<?xml version="1.0" encoding="UTF-8"?>
<!-- Generated by org.testng.reporters.JUnitXMLReporter -->
<testsuite ignored="0" hostname="Nam-Mons-MacBook-Pro.local" failures="0" tests="1" name="BasicGoal" time="6.777" errors="0" timestamp="14 May 2020 16:19:25 GMT">
  <testcase classname="goBear.initiations.TestBase" name="@AfterMethod afterMethod" time="0.0">
    <failure type="java.lang.AssertionError" message="expected [true] but found [false]">
      <![CDATA[java.lang.AssertionError: expected [true] but found [false]
	at automationLibrary.actions.GeneralAction.verifyTest(GeneralAction.java:232)
	at goBear.initiations.TestBase.afterMethod(TestBase.java:45)
... Removed 34 stack frames]]>
    </failure>
  </testcase> <!-- @AfterMethod afterMethod -->
  <testcase classname="BasicGoal" name="basicGoal" time="5.259"/>
</testsuite> <!-- BasicGoal -->
